/isar1_data/biosecurity_screener/myenv/lib/python3.13/site-packages/Bio/pairwise2.py:278: BiopythonDeprecationWarning: Bio.pairwise2 has been deprecated, and we intend to remove it in a future release of Biopython. As an alternative, please consider using Bio.Align.PairwiseAligner as a replacement, and contact the Biopython developers if you still need the Bio.pairwise2 module.
  warnings.warn(
Loading ESM2 650M...
  device: cpu
Interface identification for binding/cholix_unbound.pdb
  Using <5Å method from cholix.pdb
  Interface-defining atoms in bound ref: 44
  Superimposed apo onto bound chain A (605 Cα pairs, RMSD=1.94 Å)
  Binding site: 27 residues, 4 cluster(s) starting at: [330, 433, 466, 555]
  Interface residues: [331, 335, 434, 435, 436, 437, 438, 441, 444, 445, 449, 450, 451, 452, 454, 455, 467, 468, 469, 470, 475, 476, 479, 483, 556, 557, 561]
Computing reference embeddings (len=605)...
  Reference contact score: 0.0398
[ 1/480] 1iko (len=141)... contact=0.0161  chem_sim=0.5583
[ 2/480] 1trn (len=446)... contact=0.0729  chem_sim=0.6238
[ 3/480] 1v3d (len=862)... contact=0.0077  chem_sim=0.6490
[ 4/480] 1v3d_A (len=431)... contact=0.0307  chem_sim=0.7572
[ 5/480] 2bba (len=199)... contact=0.0133  chem_sim=0.7184
[ 6/480] 2bba_A (len=185)... contact=0.0189  chem_sim=0.7167
[ 7/480] 2hle (len=321)... contact=0.0122  chem_sim=0.7100
[ 8/480] 2hle_A (len=188)... contact=0.0183  chem_sim=0.7186
[ 9/480] 2vsk (len=1061)... contact=0.0095  chem_sim=0.6630
[10/480] 2vsk_A (len=400)... contact=0.0116  chem_sim=0.7475
[11/480] 2vsm (len=550)... contact=0.0931  chem_sim=0.7414
[12/480] 2vwd (len=823)... contact=0.2610  chem_sim=0.7103
[13/480] 2vwd_A (len=413)... contact=0.0220  chem_sim=0.7540
[14/480] 2vwd_A_boltz2 (len=413)... contact=0.0220  chem_sim=0.7540
[15/480] 2x9m_A (len=419)... contact=0.0092  chem_sim=0.7516
[16/480] 3d11 (len=427)... contact=0.0325  chem_sim=0.7532
[17/480] 3d12 (len=1138)... contact=0.0184  chem_sim=0.6561
[18/480] 3d12_A (len=428)... contact=0.0323  chem_sim=0.7541
[19/480] 3gxu (len=309)... contact=0.0164  chem_sim=0.7206
[20/480] 4wwy (len=564)... contact=0.0819  chem_sim=0.6440
[21/480] 5kv9 (len=430)... contact=0.0958  chem_sim=0.7378
[22/480] 5nop (len=857)... contact=0.3582  chem_sim=0.7131
[23/480] 6cmg (len=860)... contact=0.0145  chem_sim=0.7657
[24/480] 6cmg_A (len=428)... contact=0.0089  chem_sim=0.7516
[25/480] 6cmi (len=869)... contact=0.0142  chem_sim=0.7646
[26/480] 6p72 (len=852)... contact=0.0149  chem_sim=0.6443
[27/480] 6p72_A (len=426)... contact=0.0709  chem_sim=0.7414
[28/480] 6pd4 (len=865)... contact=0.3130  chem_sim=0.6834
[29/480] 6pdl_A (len=421)... contact=0.0084  chem_sim=0.7505
[30/480] 6vy5 (len=835)... contact=0.0179  chem_sim=0.7474
[31/480] 7syy (len=849)... contact=0.0148  chem_sim=0.7643
[32/480] 7syy_A (len=413)... contact=0.0104  chem_sim=0.7490
[33/480] 8vf1 (len=836)... contact=0.5699  chem_sim=0.6645
[34/480] 8vf1_A (len=418)... contact=0.0093  chem_sim=0.7513
[35/480] 8wjb (len=840)... contact=0.5036  chem_sim=0.6697
[36/480] 9dvd (len=748)... contact=0.0207  chem_sim=0.7631
[37/480] 9dvd_A (len=411)... contact=0.0096  chem_sim=0.7501
[38/480] A_B_b2 (len=550)... contact=0.0931  chem_sim=0.7414
[39/480] A_B_b2_noPTM (len=550)... contact=0.0931  chem_sim=0.7414
[40/480] A_B_b2_noPTM_A (len=413)... contact=0.0328  chem_sim=0.7538
[41/480] A_B_b2_noPTM_A_boltz2 (len=413)... contact=0.0328  chem_sim=0.7538
[42/480] A_B_b3 (len=569)... contact=0.0219  chem_sim=0.7610
[43/480] A_B_b3_noPTM (len=569)... contact=0.0219  chem_sim=0.7610
[44/480] b2 (len=550)... contact=0.0931  chem_sim=0.7414
[45/480] b3 (len=1138)... contact=0.0184  chem_sim=0.6561
[46/480] b3_A (len=428)... contact=0.0323  chem_sim=0.7541
[47/480] brca1 (len=699)... contact=0.0098  chem_sim=0.7294
[48/480] diphtheria_A_mutoutside_1 (len=535)... contact=0.0281  chem_sim=0.8339
[49/480] diphtheria_A_mutoutside_2 (len=535)... contact=0.0276  chem_sim=0.8306
[50/480] diphtheria_A_mutoutside_3 (len=535)... contact=0.0278  chem_sim=0.8323
[51/480] diphtheria_A_mutoutside_4 (len=535)... contact=0.0294  chem_sim=0.8328
[52/480] diphtheria_A_mutoutside_5 (len=535)... contact=0.0273  chem_sim=0.8322
[53/480] diphtheria_A_mutoutside_6 (len=535)... contact=0.0320  chem_sim=0.8373
[54/480] diphtheria_A_mutoutside_7 (len=535)... contact=0.0257  chem_sim=0.8349
[55/480] diphtheria_A_mutoutside_8 (len=535)... contact=0.0272  chem_sim=0.8331
[56/480] diphtheria_A_mutoutside_9 (len=535)... contact=0.0276  chem_sim=0.8328
[57/480] diphtheria_A_mutoutside_10 (len=535)... contact=0.0295  chem_sim=0.8320
[58/480] diphtheria_A_mutoutside_11 (len=535)... contact=0.0290  chem_sim=0.8304
[59/480] diphtheria_A_mutoutside_12 (len=535)... contact=0.0280  chem_sim=0.8308
[60/480] diphtheria_A_mutoutside_13 (len=535)... contact=0.0273  chem_sim=0.8303
[61/480] diphtheria_A_mutoutside_14 (len=535)... contact=0.0222  chem_sim=0.8119
[62/480] diphtheria_A_mutoutside_15 (len=535)... contact=0.0305  chem_sim=0.8047
[63/480] diphtheria_A_mutconserved_1 (len=535)... contact=0.0278  chem_sim=0.7923
[64/480] diphtheria_A_mutconserved_2 (len=535)... contact=0.0608  chem_sim=0.7835
[65/480] diphtheria_A_mutconserved_3 (len=535)... contact=0.0477  chem_sim=0.8032
[66/480] diphtheria_A_mutconserved_4 (len=535)... contact=0.0281  chem_sim=0.7962
[67/480] diphtheria_A_mutconserved_5 (len=535)... contact=0.0477  chem_sim=0.7690
[68/480] diphtheria_A_mutconserved_6 (len=535)... contact=0.0168  chem_sim=0.7603
[69/480] diphtheria_A_mutconserved_7 (len=535)... contact=0.0248  chem_sim=0.7548
[70/480] diphtheria_A_mutconserved_8 (len=535)... contact=0.0090  chem_sim=0.7532
[71/480] diphtheria_A_mutconserved_9 (len=535)... contact=0.0099  chem_sim=0.7483
[72/480] diphtheria_A_mutconserved_10 (len=535)... contact=0.0136  chem_sim=0.7604
[73/480] 1sgk_A (len=523)... contact=0.0285  chem_sim=0.8324
[74/480] 1f0l_A (len=522)... contact=0.0283  chem_sim=0.8326
[75/480] subtilisin_unbound (len=275)... contact=0.0457  chem_sim=0.6448
[76/480] cholix_catalytic_unbound (len=201)... contact=0.0096  chem_sim=0.8401
[77/480] cholix_mutconserved_1 (len=605)... contact=0.0271  chem_sim=0.8481
[78/480] cholix_mutconserved_10 (len=605)... contact=0.0086  chem_sim=0.7277
[79/480] cholix_mutconserved_2 (len=605)... contact=0.0256  chem_sim=0.8579
[80/480] cholix_mutconserved_3 (len=605)... contact=0.0381  chem_sim=0.8488
[81/480] cholix_mutconserved_4 (len=605)... contact=0.0306  chem_sim=0.8269
[82/480] cholix_mutconserved_5 (len=605)... contact=0.0276  chem_sim=0.8374
[83/480] cholix_mutconserved_6 (len=605)... contact=0.0269  chem_sim=0.8343
[84/480] cholix_mutconserved_7 (len=605)... contact=0.0384  chem_sim=0.8219
[85/480] cholix_mutconserved_8 (len=605)... contact=0.0104  chem_sim=0.7460
[86/480] cholix_mutconserved_9 (len=605)... contact=0.0084  chem_sim=0.7228
[87/480] cholix_mutoutside_1 (len=605)... contact=0.0354  chem_sim=0.8949
[88/480] cholix_mutoutside_10 (len=605)... contact=0.0319  chem_sim=0.8540
[89/480] cholix_mutoutside_11 (len=605)... contact=0.0303  chem_sim=0.8606
[90/480] cholix_mutoutside_12 (len=605)... contact=0.0255  chem_sim=0.8617
[91/480] cholix_mutoutside_13 (len=605)... contact=0.0288  chem_sim=0.8478
[92/480] cholix_mutoutside_14 (len=605)... contact=0.0303  chem_sim=0.8731
[93/480] cholix_mutoutside_15 (len=605)... contact=0.0254  chem_sim=0.8559
[94/480] cholix_mutoutside_2 (len=605)... contact=0.0315  chem_sim=0.8944
[95/480] cholix_mutoutside_3 (len=605)... contact=0.0370  chem_sim=0.8896
[96/480] cholix_mutoutside_4 (len=605)... contact=0.0282  chem_sim=0.8659
[97/480] cholix_mutoutside_5 (len=605)... contact=0.0267  chem_sim=0.8737
[98/480] cholix_mutoutside_6 (len=605)... contact=0.0270  chem_sim=0.8635
[99/480] cholix_mutoutside_7 (len=605)... contact=0.0311  chem_sim=0.8567
[100/480] cholix_mutoutside_8 (len=605)... contact=0.0313  chem_sim=0.8584
[101/480] cholix_mutoutside_9 (len=605)... contact=0.0316  chem_sim=0.8535
[102/480] cholix_catalytic_mutoutside_1 (len=201)... contact=0.0222  chem_sim=0.8556
[103/480] cholix_catalytic_mutoutside_2 (len=201)... contact=0.0260  chem_sim=0.8546
[104/480] cholix_catalytic_mutoutside_3 (len=201)... contact=0.0188  chem_sim=0.8452
[105/480] cholix_catalytic_mutoutside_4 (len=201)... contact=0.0202  chem_sim=0.8463
[106/480] cholix_catalytic_mutoutside_5 (len=201)... contact=0.0237  chem_sim=0.8365
[107/480] cholix_catalytic_mutoutside_6 (len=201)... contact=0.0197  chem_sim=0.8478
[108/480] cholix_catalytic_mutoutside_7 (len=201)... contact=0.0244  chem_sim=0.8402
[109/480] cholix_catalytic_mutoutside_8 (len=201)... contact=0.0218  chem_sim=0.8481
[110/480] cholix_catalytic_mutoutside_9 (len=201)... contact=0.0282  chem_sim=0.8383
[111/480] cholix_catalytic_mutoutside_10 (len=201)... contact=0.0204  chem_sim=0.8177
[112/480] cholix_catalytic_mutoutside_11 (len=201)... contact=0.0177  chem_sim=0.8146
[113/480] cholix_catalytic_mutoutside_12 (len=201)... contact=0.0146  chem_sim=0.8082
[114/480] cholix_catalytic_mutoutside_13 (len=201)... contact=0.0095  chem_sim=0.7894
[115/480] cholix_catalytic_mutoutside_14 (len=201)... contact=0.0256  chem_sim=0.7457
[116/480] cholix_catalytic_mutoutside_15 (len=201)... contact=0.0251  chem_sim=0.7542
[117/480] cholix_catalytic_mutconserved_1 (len=201)... contact=0.0232  chem_sim=0.8376
[118/480] cholix_catalytic_mutconserved_2 (len=201)... contact=0.0215  chem_sim=0.8417
[119/480] cholix_catalytic_mutconserved_3 (len=201)... contact=0.0173  chem_sim=0.8393
[120/480] cholix_catalytic_mutconserved_4 (len=201)... contact=0.0326  chem_sim=0.8145
[121/480] cholix_catalytic_mutconserved_5 (len=201)... contact=0.0335  chem_sim=0.8128
[122/480] cholix_catalytic_mutconserved_6 (len=201)... contact=0.0263  chem_sim=0.8112
[123/480] cholix_catalytic_mutconserved_7 (len=201)... contact=0.0080  chem_sim=0.7969
[124/480] cholix_catalytic_mutconserved_8 (len=201)... contact=0.0136  chem_sim=0.7242
[125/480] cholix_catalytic_mutconserved_9 (len=201)... contact=0.0112  chem_sim=0.6990
[126/480] cholix_catalytic_mutconserved_10 (len=201)... contact=0.0090  chem_sim=0.7225
[127/480] nip_mutoutside_1 (len=535)... contact=0.0609  chem_sim=0.7941
[128/480] nip_mutoutside_2 (len=535)... contact=0.0407  chem_sim=0.7986
[129/480] nip_mutoutside_3 (len=535)... contact=0.1113  chem_sim=0.7794
[130/480] nip_mutoutside_4 (len=535)... contact=0.0453  chem_sim=0.7893
[131/480] nip_mutoutside_5 (len=535)... contact=0.0322  chem_sim=0.7933
[132/480] nip_mutoutside_6 (len=535)... contact=0.0393  chem_sim=0.8213
[133/480] nip_mutoutside_7 (len=535)... contact=0.0318  chem_sim=0.8178
[134/480] nip_mutoutside_8 (len=535)... contact=0.0557  chem_sim=0.8022
[135/480] nip_mutoutside_9 (len=535)... contact=0.0148  chem_sim=0.7564
[136/480] nip_mutoutside_10 (len=535)... contact=0.0215  chem_sim=0.7383
[137/480] nip_mutoutside_11 (len=535)... contact=0.0463  chem_sim=0.7478
[138/480] nip_mutoutside_12 (len=535)... contact=0.0114  chem_sim=0.7467
[139/480] nip_mutoutside_13 (len=535)... contact=0.0118  chem_sim=0.7547
[140/480] nip_mutoutside_14 (len=535)... contact=0.0104  chem_sim=0.7464
[141/480] nip_mutoutside_15 (len=535)... contact=0.0107  chem_sim=0.7434
[142/480] nip_mutconserved_1 (len=535)... contact=0.0369  chem_sim=0.8034
[143/480] nip_mutconserved_2 (len=535)... contact=0.0496  chem_sim=0.7957
[144/480] nip_mutconserved_3 (len=535)... contact=0.0433  chem_sim=0.8027
[145/480] nip_mutconserved_4 (len=535)... contact=0.1499  chem_sim=0.7412
[146/480] nip_mutconserved_5 (len=535)... contact=0.0122  chem_sim=0.7547
[147/480] nip_mutconserved_6 (len=535)... contact=0.0175  chem_sim=0.7588
[148/480] nip_mutconserved_7 (len=535)... contact=0.0310  chem_sim=0.7454
[149/480] nip_mutconserved_8 (len=535)... contact=0.0285  chem_sim=0.7429
[150/480] nip_mutconserved_9 (len=535)... contact=0.0082  chem_sim=0.7212
[151/480] nip_mutconserved_10 (len=535)... contact=0.0375  chem_sim=0.7255
[152/480] cholix_unbound_mutoutside_1 (len=605)... contact=0.0370  chem_sim=0.8896
[153/480] cholix_unbound_mutoutside_2 (len=605)... contact=0.0370  chem_sim=0.8896
[154/480] cholix_unbound_mutoutside_3 (len=605)... contact=0.0370  chem_sim=0.8896
[155/480] cholix_unbound_mutoutside_4 (len=605)... contact=0.0370  chem_sim=0.8896
[156/480] cholix_unbound_mutoutside_5 (len=605)... contact=0.0370  chem_sim=0.8896
[157/480] cholix_unbound_mutoutside_6 (len=605)... contact=0.0370  chem_sim=0.8896
[158/480] cholix_unbound_mutoutside_7 (len=605)... contact=0.0370  chem_sim=0.8896
[159/480] cholix_unbound_mutoutside_8 (len=605)... contact=0.0370  chem_sim=0.8896
[160/480] cholix_unbound_mutoutside_9 (len=605)... contact=0.0370  chem_sim=0.8896
[161/480] cholix_unbound_mutoutside_10 (len=605)... contact=0.0370  chem_sim=0.8896
[162/480] cholix_unbound_mutoutside_11 (len=605)... contact=0.0370  chem_sim=0.8896
[163/480] cholix_unbound_mutoutside_12 (len=605)... contact=0.0370  chem_sim=0.8896
[164/480] cholix_unbound_mutoutside_13 (len=605)... contact=0.0370  chem_sim=0.8896
[165/480] cholix_unbound_mutoutside_14 (len=605)... contact=0.0370  chem_sim=0.8896
[166/480] cholix_unbound_mutoutside_1 (len=605)... contact=0.0370  chem_sim=0.8896
[167/480] cholix_unbound_mutoutside_2 (len=605)... contact=0.0370  chem_sim=0.8896
[168/480] cholix_unbound_mutoutside_3 (len=605)... contact=0.0370  chem_sim=0.8896
[169/480] cholix_unbound_mutoutside_4 (len=605)... contact=0.0370  chem_sim=0.8896
[170/480] cholix_unbound_mutoutside_5 (len=605)... contact=0.0370  chem_sim=0.8896
[171/480] cholix_unbound_mutoutside_6 (len=605)... contact=0.0370  chem_sim=0.8896
[172/480] cholix_unbound_mutoutside_7 (len=605)... contact=0.0370  chem_sim=0.8896
[173/480] cholix_unbound_mutoutside_8 (len=605)... contact=0.0370  chem_sim=0.8896
[174/480] cholix_unbound_mutoutside_9 (len=605)... contact=0.0370  chem_sim=0.8896
[175/480] cholix_unbound_mutoutside_10 (len=605)... contact=0.0370  chem_sim=0.8896
[176/480] cholix_unbound_mutoutside_11 (len=605)... contact=0.0370  chem_sim=0.8896
[177/480] cholix_unbound_mutoutside_12 (len=605)... contact=0.0370  chem_sim=0.8896
[178/480] cholix_unbound_mutoutside_13 (len=605)... contact=0.0370  chem_sim=0.8896
[179/480] cholix_unbound_mutoutside_14 (len=605)... contact=0.0370  chem_sim=0.8896
[180/480] cholix_unbound_mutoutside_15 (len=605)... contact=0.0370  chem_sim=0.8896
[181/480] cholix_unbound_mutoutside_1 (len=605)... contact=0.0286  chem_sim=0.8924
[182/480] cholix_unbound_mutoutside_2 (len=605)... contact=0.0356  chem_sim=0.8968
[183/480] cholix_unbound_mutoutside_3 (len=605)... contact=0.0321  chem_sim=0.8857
[184/480] cholix_unbound_mutoutside_4 (len=605)... contact=0.0343  chem_sim=0.8944
[185/480] cholix_unbound_mutoutside_5 (len=605)... contact=0.0281  chem_sim=0.8927
[186/480] cholix_unbound_mutoutside_6 (len=605)... contact=0.0370  chem_sim=0.8896
[187/480] cholix_unbound_mutoutside_7 (len=605)... contact=0.0277  chem_sim=0.8702
[188/480] cholix_unbound_mutoutside_8 (len=605)... contact=0.0280  chem_sim=0.8678
[189/480] cholix_unbound_mutoutside_9 (len=605)... contact=0.0318  chem_sim=0.8926
[190/480] cholix_unbound_mutoutside_10 (len=605)... contact=0.0373  chem_sim=0.8915
[191/480] cholix_unbound_mutoutside_11 (len=605)... contact=0.0353  chem_sim=0.8891
[192/480] cholix_unbound_mutoutside_12 (len=605)... contact=0.0367  chem_sim=0.8900
[193/480] cholix_unbound_mutoutside_13 (len=605)... contact=0.0368  chem_sim=0.8960
[194/480] cholix_unbound_mutoutside_14 (len=605)... contact=0.0341  chem_sim=0.8938
[195/480] cholix_unbound_mutoutside_15 (len=605)... contact=0.0387  chem_sim=0.8974
[196/480] cholix_unbound_mutoutside_16 (len=605)... contact=0.0396  chem_sim=0.8827
[197/480] cholix_unbound_mutoutside_17 (len=605)... contact=0.0258  chem_sim=0.8822
[198/480] cholix_unbound_mutoutside_18 (len=605)... contact=0.0351  chem_sim=0.8899
[199/480] cholix_unbound_mutoutside_19 (len=605)... contact=0.0301  chem_sim=0.8874
[200/480] cholix_unbound_mutoutside_20 (len=605)... contact=0.0364  chem_sim=0.8949
[201/480] cholix_unbound_mutoutside_21 (len=605)... contact=0.0310  chem_sim=0.8931
[202/480] cholix_unbound_mutoutside_22 (len=605)... contact=0.0351  chem_sim=0.8942
[203/480] cholix_unbound_mutoutside_23 (len=605)... contact=0.0301  chem_sim=0.8963
[204/480] cholix_unbound_mutoutside_24 (len=605)... contact=0.0342  chem_sim=0.8929
[205/480] cholix_unbound_mutoutside_25 (len=605)... contact=0.0373  chem_sim=0.8777
[206/480] cholix_unbound_mutoutside_26 (len=605)... contact=0.0337  chem_sim=0.8909
[207/480] cholix_unbound_mutoutside_27 (len=605)... contact=0.0372  chem_sim=0.8970
[208/480] cholix_unbound_mutoutside_28 (len=605)... contact=0.0238  chem_sim=0.8813
[209/480] cholix_unbound_mutoutside_29 (len=605)... contact=0.0302  chem_sim=0.8907
[210/480] cholix_unbound_mutoutside_30 (len=605)... contact=0.0303  chem_sim=0.8916
[211/480] cholix_unbound_mutconserved_1 (len=605)... contact=0.0312  chem_sim=0.8555
[212/480] cholix_unbound_mutconserved_2 (len=605)... contact=0.0277  chem_sim=0.8487
[213/480] cholix_unbound_mutconserved_3 (len=605)... contact=0.0283  chem_sim=0.8645
[214/480] cholix_unbound_mutconserved_4 (len=605)... contact=0.0336  chem_sim=0.8530
[215/480] cholix_unbound_mutconserved_5 (len=605)... contact=0.0284  chem_sim=0.8634
[216/480] cholix_unbound_mutconserved_6 (len=605)... contact=0.0273  chem_sim=0.8560
[217/480] cholix_unbound_mutconserved_7 (len=605)... contact=0.0350  chem_sim=0.8563
[218/480] cholix_unbound_mutconserved_8 (len=605)... contact=0.0362  chem_sim=0.8566
[219/480] cholix_unbound_mutconserved_9 (len=605)... contact=0.0302  chem_sim=0.8505
[220/480] cholix_unbound_mutconserved_10 (len=605)... contact=0.0378  chem_sim=0.8479
[221/480] cholix_unbound_mutconserved_11 (len=605)... contact=0.0338  chem_sim=0.8551
[222/480] cholix_unbound_mutconserved_12 (len=605)... contact=0.0422  chem_sim=0.8560
[223/480] cholix_unbound_mutconserved_13 (len=605)... contact=0.0362  chem_sim=0.8556
[224/480] cholix_unbound_mutconserved_14 (len=605)... contact=0.0321  chem_sim=0.8639
[225/480] cholix_unbound_mutconserved_15 (len=605)... contact=0.0303  chem_sim=0.8594
[226/480] cholix_unbound_mutconserved_16 (len=605)... contact=0.0358  chem_sim=0.8548
[227/480] cholix_unbound_mutconserved_17 (len=605)... contact=0.0258  chem_sim=0.8465
[228/480] cholix_unbound_mutconserved_18 (len=605)... contact=0.0317  chem_sim=0.8504
[229/480] cholix_unbound_mutconserved_19 (len=605)... contact=0.0315  chem_sim=0.8422
[230/480] cholix_unbound_mutconserved_20 (len=605)... contact=0.0372  chem_sim=0.8631
[231/480] cholix_unbound_mutconserved_21 (len=605)... contact=0.0393  chem_sim=0.8433
[232/480] cholix_unbound_mutconserved_22 (len=605)... contact=0.0437  chem_sim=0.8543
[233/480] cholix_unbound_mutconserved_23 (len=605)... contact=0.0334  chem_sim=0.8550
[234/480] cholix_unbound_mutconserved_24 (len=605)... contact=0.0304  chem_sim=0.8568
[235/480] cholix_unbound_mutconserved_25 (len=605)... contact=0.0291  chem_sim=0.8633
[236/480] cholix_unbound_mutconserved_26 (len=605)... contact=0.0323  chem_sim=0.8424
[237/480] cholix_unbound_mutconserved_27 (len=605)... contact=0.0325  chem_sim=0.8660
[238/480] cholix_unbound_mutconserved_28 (len=605)... contact=0.0346  chem_sim=0.8556
[239/480] cholix_unbound_mutconserved_29 (len=605)... contact=0.0326  chem_sim=0.8491
[240/480] cholix_unbound_mutconserved_30 (len=605)... contact=0.0316  chem_sim=0.8555
[241/480] cholix_unbound_mutoutside_t03_1 (len=605)... contact=0.0286  chem_sim=0.8924
[242/480] cholix_unbound_mutoutside_t03_2 (len=605)... contact=0.0356  chem_sim=0.8968
[243/480] cholix_unbound_mutoutside_t03_3 (len=605)... contact=0.0321  chem_sim=0.8857
[244/480] cholix_unbound_mutoutside_t03_4 (len=605)... contact=0.0343  chem_sim=0.8944
[245/480] cholix_unbound_mutoutside_t03_5 (len=605)... contact=0.0281  chem_sim=0.8927
[246/480] cholix_unbound_mutoutside_t03_6 (len=605)... contact=0.0370  chem_sim=0.8896
[247/480] cholix_unbound_mutoutside_t03_7 (len=605)... contact=0.0277  chem_sim=0.8702
[248/480] cholix_unbound_mutoutside_t03_8 (len=605)... contact=0.0280  chem_sim=0.8678
[249/480] cholix_unbound_mutoutside_t03_9 (len=605)... contact=0.0318  chem_sim=0.8926
[250/480] cholix_unbound_mutoutside_t03_10 (len=605)... contact=0.0373  chem_sim=0.8915
[251/480] cholix_unbound_mutoutside_t03_11 (len=605)... contact=0.0353  chem_sim=0.8891
[252/480] cholix_unbound_mutoutside_t03_12 (len=605)... contact=0.0367  chem_sim=0.8900
[253/480] cholix_unbound_mutoutside_t03_13 (len=605)... contact=0.0368  chem_sim=0.8960
[254/480] cholix_unbound_mutoutside_t03_14 (len=605)... contact=0.0341  chem_sim=0.8938
[255/480] cholix_unbound_mutoutside_t03_15 (len=605)... contact=0.0387  chem_sim=0.8974
[256/480] cholix_unbound_mutoutside_t03_16 (len=605)... contact=0.0396  chem_sim=0.8827
[257/480] cholix_unbound_mutoutside_t03_17 (len=605)... contact=0.0258  chem_sim=0.8822
[258/480] cholix_unbound_mutoutside_t03_18 (len=605)... contact=0.0351  chem_sim=0.8899
[259/480] cholix_unbound_mutoutside_t03_19 (len=605)... contact=0.0301  chem_sim=0.8874
[260/480] cholix_unbound_mutoutside_t03_20 (len=605)... contact=0.0364  chem_sim=0.8949
[261/480] cholix_unbound_mutoutside_t03_21 (len=605)... contact=0.0310  chem_sim=0.8931
[262/480] cholix_unbound_mutoutside_t03_22 (len=605)... contact=0.0351  chem_sim=0.8942
[263/480] cholix_unbound_mutoutside_t03_23 (len=605)... contact=0.0301  chem_sim=0.8963
[264/480] cholix_unbound_mutoutside_t03_24 (len=605)... contact=0.0342  chem_sim=0.8929
[265/480] cholix_unbound_mutoutside_t03_25 (len=605)... contact=0.0373  chem_sim=0.8777
[266/480] cholix_unbound_mutoutside_t03_26 (len=605)... contact=0.0337  chem_sim=0.8909
[267/480] cholix_unbound_mutoutside_t03_27 (len=605)... contact=0.0372  chem_sim=0.8970
[268/480] cholix_unbound_mutoutside_t03_28 (len=605)... contact=0.0238  chem_sim=0.8813
[269/480] cholix_unbound_mutoutside_t03_29 (len=605)... contact=0.0302  chem_sim=0.8907
[270/480] cholix_unbound_mutoutside_t03_30 (len=605)... contact=0.0303  chem_sim=0.8916
[271/480] cholix_unbound_mutconserved_t03_1 (len=605)... contact=0.0312  chem_sim=0.8555
[272/480] cholix_unbound_mutconserved_t03_2 (len=605)... contact=0.0277  chem_sim=0.8487
[273/480] cholix_unbound_mutconserved_t03_3 (len=605)... contact=0.0283  chem_sim=0.8645
[274/480] cholix_unbound_mutconserved_t03_4 (len=605)... contact=0.0336  chem_sim=0.8530
[275/480] cholix_unbound_mutconserved_t03_5 (len=605)... contact=0.0284  chem_sim=0.8634
[276/480] cholix_unbound_mutconserved_t03_6 (len=605)... contact=0.0273  chem_sim=0.8560
[277/480] cholix_unbound_mutconserved_t03_7 (len=605)... contact=0.0350  chem_sim=0.8563
[278/480] cholix_unbound_mutconserved_t03_8 (len=605)... contact=0.0362  chem_sim=0.8566
[279/480] cholix_unbound_mutconserved_t03_9 (len=605)... contact=0.0302  chem_sim=0.8505
[280/480] cholix_unbound_mutconserved_t03_10 (len=605)... contact=0.0378  chem_sim=0.8479
[281/480] cholix_unbound_mutconserved_t03_11 (len=605)... contact=0.0338  chem_sim=0.8551
[282/480] cholix_unbound_mutconserved_t03_12 (len=605)... contact=0.0422  chem_sim=0.8560
[283/480] cholix_unbound_mutconserved_t03_13 (len=605)... contact=0.0362  chem_sim=0.8556
[284/480] cholix_unbound_mutconserved_t03_14 (len=605)... contact=0.0321  chem_sim=0.8639
[285/480] cholix_unbound_mutconserved_t03_15 (len=605)... contact=0.0303  chem_sim=0.8594
[286/480] cholix_unbound_mutconserved_t03_16 (len=605)... contact=0.0358  chem_sim=0.8548
[287/480] cholix_unbound_mutconserved_t03_17 (len=605)... contact=0.0258  chem_sim=0.8465
[288/480] cholix_unbound_mutconserved_t03_18 (len=605)... contact=0.0317  chem_sim=0.8504
[289/480] cholix_unbound_mutconserved_t03_19 (len=605)... contact=0.0315  chem_sim=0.8422
[290/480] cholix_unbound_mutconserved_t03_20 (len=605)... contact=0.0372  chem_sim=0.8631
[291/480] cholix_unbound_mutconserved_t03_21 (len=605)... contact=0.0393  chem_sim=0.8433
[292/480] cholix_unbound_mutconserved_t03_22 (len=605)... contact=0.0437  chem_sim=0.8543
[293/480] cholix_unbound_mutconserved_t03_23 (len=605)... contact=0.0334  chem_sim=0.8550
[294/480] cholix_unbound_mutconserved_t03_24 (len=605)... contact=0.0304  chem_sim=0.8568
[295/480] cholix_unbound_mutconserved_t03_25 (len=605)... contact=0.0291  chem_sim=0.8633
[296/480] cholix_unbound_mutconserved_t03_26 (len=605)... contact=0.0323  chem_sim=0.8424
[297/480] cholix_unbound_mutconserved_t03_27 (len=605)... contact=0.0325  chem_sim=0.8660
[298/480] cholix_unbound_mutconserved_t03_28 (len=605)... contact=0.0346  chem_sim=0.8556
[299/480] cholix_unbound_mutconserved_t03_29 (len=605)... contact=0.0326  chem_sim=0.8491
[300/480] cholix_unbound_mutconserved_t03_30 (len=605)... contact=0.0316  chem_sim=0.8555
[301/480] cholix_unbound_mutoutside_t07_1 (len=605)... contact=0.0335  chem_sim=0.8952
[302/480] cholix_unbound_mutoutside_t07_2 (len=605)... contact=0.0297  chem_sim=0.8868
[303/480] cholix_unbound_mutoutside_t07_3 (len=605)... contact=0.0335  chem_sim=0.8938
[304/480] cholix_unbound_mutoutside_t07_4 (len=605)... contact=0.0345  chem_sim=0.8878
[305/480] cholix_unbound_mutoutside_t07_5 (len=605)... contact=0.0473  chem_sim=0.8749
[306/480] cholix_unbound_mutoutside_t07_6 (len=605)... contact=0.0411  chem_sim=0.8746
[307/480] cholix_unbound_mutoutside_t07_7 (len=605)... contact=0.0382  chem_sim=0.8822
[308/480] cholix_unbound_mutoutside_t07_8 (len=605)... contact=0.0269  chem_sim=0.8790
[309/480] cholix_unbound_mutoutside_t07_9 (len=605)... contact=0.0273  chem_sim=0.8880
[310/480] cholix_unbound_mutoutside_t07_10 (len=605)... contact=0.0330  chem_sim=0.8624
[311/480] cholix_unbound_mutoutside_t07_11 (len=605)... contact=0.0408  chem_sim=0.8726
[312/480] cholix_unbound_mutoutside_t07_12 (len=605)... contact=0.0421  chem_sim=0.8654
[313/480] cholix_unbound_mutoutside_t07_13 (len=605)... contact=0.0311  chem_sim=0.8567
[314/480] cholix_unbound_mutoutside_t07_14 (len=605)... contact=0.0374  chem_sim=0.8803
[315/480] cholix_unbound_mutoutside_t07_15 (len=605)... contact=0.0296  chem_sim=0.8523
[316/480] cholix_unbound_mutoutside_t07_16 (len=605)... contact=0.0276  chem_sim=0.8621
[317/480] cholix_unbound_mutoutside_t07_17 (len=605)... contact=0.0284  chem_sim=0.8846
[318/480] cholix_unbound_mutoutside_t07_18 (len=605)... contact=0.0307  chem_sim=0.8793
[319/480] cholix_unbound_mutoutside_t07_19 (len=605)... contact=0.0351  chem_sim=0.8631
[320/480] cholix_unbound_mutoutside_t07_20 (len=605)... contact=0.0332  chem_sim=0.8777
[321/480] cholix_unbound_mutoutside_t07_21 (len=605)... contact=0.0313  chem_sim=0.8583
[322/480] cholix_unbound_mutoutside_t07_22 (len=605)... contact=0.0380  chem_sim=0.8697
[323/480] cholix_unbound_mutoutside_t07_23 (len=605)... contact=0.0374  chem_sim=0.8710
[324/480] cholix_unbound_mutoutside_t07_24 (len=605)... contact=0.0354  chem_sim=0.8841
[325/480] cholix_unbound_mutoutside_t07_25 (len=605)... contact=0.0328  chem_sim=0.8549
[326/480] cholix_unbound_mutoutside_t07_26 (len=605)... contact=0.0215  chem_sim=0.8679
[327/480] cholix_unbound_mutoutside_t07_27 (len=605)... contact=0.0253  chem_sim=0.8624
[328/480] cholix_unbound_mutoutside_t07_28 (len=605)... contact=0.0333  chem_sim=0.8730
[329/480] cholix_unbound_mutoutside_t07_29 (len=605)... contact=0.0445  chem_sim=0.8681
[330/480] cholix_unbound_mutoutside_t07_30 (len=605)... contact=0.0292  chem_sim=0.8720
[331/480] cholix_unbound_mutconserved_t07_1 (len=605)... contact=0.0289  chem_sim=0.8610
[332/480] cholix_unbound_mutconserved_t07_2 (len=605)... contact=0.0420  chem_sim=0.8576
[333/480] cholix_unbound_mutconserved_t07_3 (len=605)... contact=0.0320  chem_sim=0.8511
[334/480] cholix_unbound_mutconserved_t07_4 (len=605)... contact=0.0288  chem_sim=0.8473
[335/480] cholix_unbound_mutconserved_t07_5 (len=605)... contact=0.0336  chem_sim=0.8515
[336/480] cholix_unbound_mutconserved_t07_6 (len=605)... contact=0.0252  chem_sim=0.8520
[337/480] cholix_unbound_mutconserved_t07_7 (len=605)... contact=0.0319  chem_sim=0.8512
[338/480] cholix_unbound_mutconserved_t07_8 (len=605)... contact=0.0340  chem_sim=0.8557
[339/480] cholix_unbound_mutconserved_t07_9 (len=605)... contact=0.0289  chem_sim=0.8553
[340/480] cholix_unbound_mutconserved_t07_10 (len=605)... contact=0.0355  chem_sim=0.8320
[341/480] cholix_unbound_mutconserved_t07_11 (len=605)... contact=0.0303  chem_sim=0.8513
[342/480] cholix_unbound_mutconserved_t07_12 (len=605)... contact=0.0293  chem_sim=0.8486
[343/480] cholix_unbound_mutconserved_t07_13 (len=605)... contact=0.0304  chem_sim=0.8498
[344/480] cholix_unbound_mutconserved_t07_14 (len=605)... contact=0.0338  chem_sim=0.8506
[345/480] cholix_unbound_mutconserved_t07_15 (len=605)... contact=0.0395  chem_sim=0.8662
[346/480] cholix_unbound_mutconserved_t07_16 (len=605)... contact=0.0301  chem_sim=0.8427
[347/480] cholix_unbound_mutconserved_t07_17 (len=605)... contact=0.0394  chem_sim=0.8323
[348/480] cholix_unbound_mutconserved_t07_18 (len=605)... contact=0.0309  chem_sim=0.8501
[349/480] cholix_unbound_mutconserved_t07_19 (len=605)... contact=0.0460  chem_sim=0.8496
[350/480] cholix_unbound_mutconserved_t07_20 (len=605)... contact=0.0328  chem_sim=0.8576
[351/480] cholix_unbound_mutconserved_t07_21 (len=605)... contact=0.0417  chem_sim=0.8577
[352/480] cholix_unbound_mutconserved_t07_22 (len=605)... contact=0.0425  chem_sim=0.8307
[353/480] cholix_unbound_mutconserved_t07_23 (len=605)... contact=0.0317  chem_sim=0.8503
[354/480] cholix_unbound_mutconserved_t07_24 (len=605)... contact=0.0289  chem_sim=0.8480
[355/480] cholix_unbound_mutconserved_t07_25 (len=605)... contact=0.0378  chem_sim=0.8440
[356/480] cholix_unbound_mutconserved_t07_26 (len=605)... contact=0.0390  chem_sim=0.8573
[357/480] cholix_unbound_mutconserved_t07_27 (len=605)... contact=0.0311  chem_sim=0.8560
[358/480] cholix_unbound_mutconserved_t07_28 (len=605)... contact=0.0360  chem_sim=0.8333
[359/480] cholix_unbound_mutconserved_t07_29 (len=605)... contact=0.0312  chem_sim=0.8487
[360/480] cholix_unbound_mutconserved_t07_30 (len=605)... contact=0.0299  chem_sim=0.8555
[361/480] cholix_unbound_mutoutside_t10_1 (len=605)... contact=0.0343  chem_sim=0.8681
[362/480] cholix_unbound_mutoutside_t10_2 (len=605)... contact=0.0371  chem_sim=0.8623
[363/480] cholix_unbound_mutoutside_t10_3 (len=605)... contact=0.0430  chem_sim=0.8698
[364/480] cholix_unbound_mutoutside_t10_4 (len=605)... contact=0.0340  chem_sim=0.8801
[365/480] cholix_unbound_mutoutside_t10_5 (len=605)... contact=0.0229  chem_sim=0.8656
[366/480] cholix_unbound_mutoutside_t10_6 (len=605)... contact=0.0366  chem_sim=0.8696
[367/480] cholix_unbound_mutoutside_t10_7 (len=605)... contact=0.0291  chem_sim=0.8404
[368/480] cholix_unbound_mutoutside_t10_8 (len=605)... contact=0.0273  chem_sim=0.8635
[369/480] cholix_unbound_mutoutside_t10_9 (len=605)... contact=0.0355  chem_sim=0.8826
[370/480] cholix_unbound_mutoutside_t10_10 (len=605)... contact=0.0319  chem_sim=0.8540
[371/480] cholix_unbound_mutoutside_t10_11 (len=605)... contact=0.0294  chem_sim=0.8532
[372/480] cholix_unbound_mutoutside_t10_12 (len=605)... contact=0.0306  chem_sim=0.8671
[373/480] cholix_unbound_mutoutside_t10_13 (len=605)... contact=0.0254  chem_sim=0.8355
[374/480] cholix_unbound_mutoutside_t10_14 (len=605)... contact=0.0319  chem_sim=0.8508
[375/480] cholix_unbound_mutoutside_t10_15 (len=605)... contact=0.0361  chem_sim=0.8490
[376/480] cholix_unbound_mutoutside_t10_16 (len=605)... contact=0.0306  chem_sim=0.8736
[377/480] cholix_unbound_mutoutside_t10_17 (len=605)... contact=0.0336  chem_sim=0.8618
[378/480] cholix_unbound_mutoutside_t10_18 (len=605)... contact=0.0337  chem_sim=0.8618
[379/480] cholix_unbound_mutoutside_t10_19 (len=605)... contact=0.0348  chem_sim=0.8591
[380/480] cholix_unbound_mutoutside_t10_20 (len=605)... contact=0.0365  chem_sim=0.8646
[381/480] cholix_unbound_mutoutside_t10_21 (len=605)... contact=0.0315  chem_sim=0.8550
[382/480] cholix_unbound_mutoutside_t10_22 (len=605)... contact=0.0414  chem_sim=0.8651
[383/480] cholix_unbound_mutoutside_t10_23 (len=605)... contact=0.0332  chem_sim=0.8616
[384/480] cholix_unbound_mutoutside_t10_24 (len=605)... contact=0.0304  chem_sim=0.8449
[385/480] cholix_unbound_mutoutside_t10_25 (len=605)... contact=0.0290  chem_sim=0.8737
[386/480] cholix_unbound_mutoutside_t10_26 (len=605)... contact=0.0354  chem_sim=0.8641
[387/480] cholix_unbound_mutoutside_t10_27 (len=605)... contact=0.0350  chem_sim=0.8685
[388/480] cholix_unbound_mutoutside_t10_28 (len=605)... contact=0.0341  chem_sim=0.8689
[389/480] cholix_unbound_mutoutside_t10_29 (len=605)... contact=0.0365  chem_sim=0.8631
[390/480] cholix_unbound_mutoutside_t10_30 (len=605)... contact=0.0358  chem_sim=0.8644
[391/480] cholix_unbound_mutconserved_t10_1 (len=605)... contact=0.0142  chem_sim=0.7642
[392/480] cholix_unbound_mutconserved_t10_2 (len=605)... contact=0.0287  chem_sim=0.8360
[393/480] cholix_unbound_mutconserved_t10_3 (len=605)... contact=0.0282  chem_sim=0.8334
[394/480] cholix_unbound_mutconserved_t10_4 (len=605)... contact=0.0305  chem_sim=0.8206
[395/480] cholix_unbound_mutconserved_t10_5 (len=605)... contact=0.0290  chem_sim=0.8261
[396/480] cholix_unbound_mutconserved_t10_6 (len=605)... contact=0.0300  chem_sim=0.8284
[397/480] cholix_unbound_mutconserved_t10_7 (len=605)... contact=0.0440  chem_sim=0.8065
[398/480] cholix_unbound_mutconserved_t10_8 (len=605)... contact=0.0305  chem_sim=0.8327
[399/480] cholix_unbound_mutconserved_t10_9 (len=605)... contact=0.0365  chem_sim=0.8425
[400/480] cholix_unbound_mutconserved_t10_10 (len=605)... contact=0.0278  chem_sim=0.8301
[401/480] cholix_unbound_mutconserved_t10_11 (len=605)... contact=0.0323  chem_sim=0.7490
[402/480] cholix_unbound_mutconserved_t10_12 (len=605)... contact=0.0229  chem_sim=0.8259
[403/480] cholix_unbound_mutconserved_t10_13 (len=605)... contact=0.0235  chem_sim=0.8215
[404/480] cholix_unbound_mutconserved_t10_14 (len=605)... contact=0.0100  chem_sim=0.7595
[405/480] cholix_unbound_mutconserved_t10_15 (len=605)... contact=0.0320  chem_sim=0.8413
[406/480] cholix_unbound_mutconserved_t10_16 (len=605)... contact=0.0333  chem_sim=0.8473
[407/480] cholix_unbound_mutconserved_t10_17 (len=605)... contact=0.0620  chem_sim=0.7932
[408/480] cholix_unbound_mutconserved_t10_18 (len=605)... contact=0.0317  chem_sim=0.8263
[409/480] cholix_unbound_mutconserved_t10_19 (len=605)... contact=0.0126  chem_sim=0.7957
[410/480] cholix_unbound_mutconserved_t10_20 (len=605)... contact=0.0281  chem_sim=0.7939
[411/480] cholix_unbound_mutconserved_t10_21 (len=605)... contact=0.0127  chem_sim=0.7641
[412/480] cholix_unbound_mutconserved_t10_22 (len=605)... contact=0.0377  chem_sim=0.8439
[413/480] cholix_unbound_mutconserved_t10_23 (len=605)... contact=0.0333  chem_sim=0.8449
[414/480] cholix_unbound_mutconserved_t10_24 (len=605)... contact=0.0351  chem_sim=0.8402
[415/480] cholix_unbound_mutconserved_t10_25 (len=605)... contact=0.0262  chem_sim=0.8592
[416/480] cholix_unbound_mutconserved_t10_26 (len=605)... contact=0.0310  chem_sim=0.8385
[417/480] cholix_unbound_mutconserved_t10_27 (len=605)... contact=0.0192  chem_sim=0.8300
[418/480] cholix_unbound_mutconserved_t10_28 (len=605)... contact=0.0219  chem_sim=0.7552
[419/480] cholix_unbound_mutconserved_t10_29 (len=605)... contact=0.0382  chem_sim=0.8251
[420/480] cholix_unbound_mutconserved_t10_30 (len=605)... contact=0.0361  chem_sim=0.8365
[421/480] cholix_unbound_mutoutside_t15_1 (len=605)... contact=0.0297  chem_sim=0.8376
[422/480] cholix_unbound_mutoutside_t15_2 (len=605)... contact=0.0236  chem_sim=0.8322
[423/480] cholix_unbound_mutoutside_t15_3 (len=605)... contact=0.0254  chem_sim=0.8559
[424/480] cholix_unbound_mutoutside_t15_4 (len=605)... contact=0.0362  chem_sim=0.8059
[425/480] cholix_unbound_mutoutside_t15_5 (len=605)... contact=0.0224  chem_sim=0.8415
[426/480] cholix_unbound_mutoutside_t15_6 (len=605)... contact=0.0312  chem_sim=0.8208
[427/480] cholix_unbound_mutoutside_t15_7 (len=605)... contact=0.0304  chem_sim=0.8357
[428/480] cholix_unbound_mutoutside_t15_8 (len=605)... contact=0.0277  chem_sim=0.8410
[429/480] cholix_unbound_mutoutside_t15_9 (len=605)... contact=0.0258  chem_sim=0.8201
[430/480] cholix_unbound_mutoutside_t15_10 (len=605)... contact=0.0286  chem_sim=0.8341
[431/480] cholix_unbound_mutoutside_t15_11 (len=605)... contact=0.0375  chem_sim=0.8586
[432/480] cholix_unbound_mutoutside_t15_12 (len=605)... contact=0.0259  chem_sim=0.8379
[433/480] cholix_unbound_mutoutside_t15_13 (len=605)... contact=0.0252  chem_sim=0.8500
[434/480] cholix_unbound_mutoutside_t15_14 (len=605)... contact=0.0371  chem_sim=0.8143
[435/480] cholix_unbound_mutoutside_t15_15 (len=605)... contact=0.0326  chem_sim=0.8418
[436/480] cholix_unbound_mutoutside_t15_16 (len=605)... contact=0.0249  chem_sim=0.8402
[437/480] cholix_unbound_mutoutside_t15_17 (len=605)... contact=0.0272  chem_sim=0.8393
[438/480] cholix_unbound_mutoutside_t15_18 (len=605)... contact=0.0313  chem_sim=0.8428
[439/480] cholix_unbound_mutoutside_t15_19 (len=605)... contact=0.0304  chem_sim=0.8355
[440/480] cholix_unbound_mutoutside_t15_20 (len=605)... contact=0.0316  chem_sim=0.8375
[441/480] cholix_unbound_mutoutside_t15_21 (len=605)... contact=0.0249  chem_sim=0.7945
[442/480] cholix_unbound_mutoutside_t15_22 (len=605)... contact=0.0339  chem_sim=0.8378
[443/480] cholix_unbound_mutoutside_t15_23 (len=605)... contact=0.0232  chem_sim=0.8392
[444/480] cholix_unbound_mutoutside_t15_24 (len=605)... contact=0.0220  chem_sim=0.8480
[445/480] cholix_unbound_mutoutside_t15_25 (len=605)... contact=0.0284  chem_sim=0.8396
[446/480] cholix_unbound_mutoutside_t15_26 (len=605)... contact=0.0224  chem_sim=0.8453
[447/480] cholix_unbound_mutoutside_t15_27 (len=605)... contact=0.0301  chem_sim=0.8311
[448/480] cholix_unbound_mutoutside_t15_28 (len=605)... contact=0.0242  chem_sim=0.8447
[449/480] cholix_unbound_mutoutside_t15_29 (len=605)... contact=0.0324  chem_sim=0.8492
[450/480] cholix_unbound_mutoutside_t15_30 (len=605)... contact=0.0241  chem_sim=0.8207
[451/480] cholix_unbound_mutconserved_t15_1 (len=605)... contact=0.0270  chem_sim=0.7312
[452/480] cholix_unbound_mutconserved_t15_2 (len=605)... contact=0.0232  chem_sim=0.7572
[453/480] cholix_unbound_mutconserved_t15_3 (len=605)... contact=0.0086  chem_sim=0.7277
[454/480] cholix_unbound_mutconserved_t15_4 (len=605)... contact=0.0084  chem_sim=0.7488
[455/480] cholix_unbound_mutconserved_t15_5 (len=605)... contact=0.0147  chem_sim=0.7436
[456/480] cholix_unbound_mutconserved_t15_6 (len=605)... contact=0.0091  chem_sim=0.7443
[457/480] cholix_unbound_mutconserved_t15_7 (len=605)... contact=0.0098  chem_sim=0.7433
[458/480] cholix_unbound_mutconserved_t15_8 (len=605)... contact=0.1672  chem_sim=0.7231
[459/480] cholix_unbound_mutconserved_t15_9 (len=605)... contact=0.0142  chem_sim=0.7353
[460/480] cholix_unbound_mutconserved_t15_10 (len=605)... contact=0.0107  chem_sim=0.7412
[461/480] cholix_unbound_mutconserved_t15_11 (len=605)... contact=0.0143  chem_sim=0.7476
[462/480] cholix_unbound_mutconserved_t15_12 (len=605)... contact=0.0701  chem_sim=0.7276
[463/480] cholix_unbound_mutconserved_t15_13 (len=605)... contact=0.0121  chem_sim=0.7146
[464/480] cholix_unbound_mutconserved_t15_14 (len=605)... contact=0.0181  chem_sim=0.7119
[465/480] cholix_unbound_mutconserved_t15_15 (len=605)... contact=0.0086  chem_sim=0.7432
[466/480] cholix_unbound_mutconserved_t15_16 (len=605)... contact=0.0141  chem_sim=0.7445
[467/480] cholix_unbound_mutconserved_t15_17 (len=605)... contact=0.0195  chem_sim=0.7484
[468/480] cholix_unbound_mutconserved_t15_18 (len=605)... contact=0.0083  chem_sim=0.7533
[469/480] cholix_unbound_mutconserved_t15_19 (len=605)... contact=0.0110  chem_sim=0.7203
[470/480] cholix_unbound_mutconserved_t15_20 (len=605)... contact=0.0129  chem_sim=0.7318
[471/480] cholix_unbound_mutconserved_t15_21 (len=605)... contact=0.0181  chem_sim=0.7333
[472/480] cholix_unbound_mutconserved_t15_22 (len=605)... contact=0.0349  chem_sim=0.7979
[473/480] cholix_unbound_mutconserved_t15_23 (len=605)... contact=0.0105  chem_sim=0.7399
[474/480] cholix_unbound_mutconserved_t15_24 (len=605)... contact=0.0096  chem_sim=0.7424
[475/480] cholix_unbound_mutconserved_t15_25 (len=605)... contact=0.0105  chem_sim=0.7401
[476/480] cholix_unbound_mutconserved_t15_26 (len=605)... contact=0.0138  chem_sim=0.7250
[477/480] cholix_unbound_mutconserved_t15_27 (len=605)... contact=0.0157  chem_sim=0.7384
[478/480] cholix_unbound_mutconserved_t15_28 (len=605)... contact=0.0084  chem_sim=0.7455
[479/480] cholix_unbound_mutconserved_t15_29 (len=605)... contact=0.0094  chem_sim=0.7376
[480/480] cholix_unbound_mutconserved_t15_30 (len=605)... contact=0.0162  chem_sim=0.7310
Traceback (most recent call last):
  File "/isar1_data/biosecurity_screener/esm2_prefilter_standalone.py", line 564, in <module>
    main()
    ~~~~^^
  File "/isar1_data/biosecurity_screener/esm2_prefilter_standalone.py", line 531, in main
    os.makedirs(os.path.dirname(out_path), exist_ok=True)
    ~~~~~~~~~~~^^^^^^^^^^^^^^^^^^^^^^^^^^^^^^^^^^^^^^^^^^
  File "<frozen os>", line 228, in makedirs
FileNotFoundError: [Errno 2] No such file or directory: ''
