INFO    │ Validating input query and databases...
INFO    │ Input query file:
────────┘
/home/zyl22/biosecurity_screener/commec_seq/obfused/cholix_t0.3/cholix_unbound_mutconserved_13.fasta
────────┐
INFO    │  >> STEP 1: Checking for biorisk genes...
INFO    │  Biorisks in cholix_unbound_mutconserved_13:
INFO    │        --> Virulence Factor found at coordinates: 1-207, 817-903, 910-1281.
INFO    │        --> Virulence Factor found at coordinates: 1298-1642.
INFO    │        --> Virulence Factor found at coordinates: 261-833.
INFO    │ STEP 1 completed at 2026-03-07 01:26:52
INFO    │ SKIPPING STEP 2: Protein search
INFO    │ SKIPPING STEP 3: Nucleotide search
INFO    │  >> STEP 4: Checking any pathogen regions for low-concern components...
INFO    │  Low-concern checks for cholix_unbound_mutconserved_13
INFO    │        ... no housekeeping protein hits.
INFO    │        ... no low-concern RNA hits.
INFO    │        ... no low-concern DNA hits.
INFO    │ STEP 4 completed at 2026-03-07 01:26:53
INFO    │  >> Commec Screen completed at 2026-03-07 01:26:53
────────┘

 >> SUMMARY : 
                    query      overall      biorisk  taxonomy_aa  taxonomy_nt      cleared
cholix_unbound_mutconserv      Warning      Warning         Skip         Skip      Warning

 >> RATIONALE : 
cholix_unbound_mutconserv : Warning      --> Matches sequence with virulence factor.

