INFO    │ Validating input query and databases...
INFO    │ Input query file:
────────┘
/home/zyl22/biosecurity_screener/commec_seq/cholix_obfus_1.dna.fasta
────────┐
INFO    │  >> STEP 1: Checking for biorisk genes...
INFO    │  Biorisk in cholix_obfus_1:
INFO    │        --> Virulence Factor found at coordinates: 1-123, 130-660, 673-981, 1012-1383, 1462-1752, 1738-1815.
INFO    │ STEP 1 completed at 2026-03-06 16:05:25
INFO    │ SKIPPING STEP 2: Protein search
INFO    │ SKIPPING STEP 3: Nucleotide search
INFO    │  >> STEP 4: Checking any pathogen regions for low-concern components...
INFO    │  Low-concern checks for cholix_obfus_1
INFO    │        ... no housekeeping protein hits.
INFO    │        ... no low-concern RNA hits.
INFO    │        ... no low-concern DNA hits.
INFO    │ STEP 4 completed at 2026-03-06 16:05:25
INFO    │  >> Commec Screen completed at 2026-03-06 16:05:25
────────┘

 >> SUMMARY : 
         query      overall      biorisk  taxonomy_aa  taxonomy_nt      cleared
cholix_obfus_1      Warning      Warning         Skip         Skip      Warning

 >> RATIONALE : 
cholix_obfus_1            : Warning      --> Matches sequence with virulence factor.

