INFO    │ Validating input query and databases...
INFO    │ Input query file:
────────┘
/home/zyl22/biosecurity_screener/commec_seq/obfused/cholix_A_mutoutside_4.fasta
────────┐
INFO    │  >> STEP 1: Checking for biorisk genes...
INFO    │  Biorisks in cholix_A_mutoutside_4:
INFO    │        --> Virulence Factor found at coordinates: 762-1550.
INFO    │        --> Virulence Factor found at coordinates: 339-716.
INFO    │        --> Virulence Factor found at coordinates: 1535-1813, 473-517, 2-337.
INFO    │ STEP 1 completed at 2026-03-06 18:06:08
INFO    │ SKIPPING STEP 2: Protein search
INFO    │ SKIPPING STEP 3: Nucleotide search
INFO    │  >> STEP 4: Checking any pathogen regions for low-concern components...
INFO    │  Low-concern checks for cholix_A_mutoutside_4
INFO    │        ... no housekeeping protein hits.
INFO    │        ... no low-concern RNA hits.
INFO    │        ... no low-concern DNA hits.
INFO    │ STEP 4 completed at 2026-03-06 18:06:08
INFO    │  >> Commec Screen completed at 2026-03-06 18:06:08
────────┘

 >> SUMMARY : 
                query      overall      biorisk  taxonomy_aa  taxonomy_nt      cleared
cholix_A_mutoutside_4      Warning      Warning         Skip         Skip      Warning

 >> RATIONALE : 
cholix_A_mutoutside_4     : Warning      --> Matches sequence with virulence factor.

