INFO    │ Validating input query and databases...
INFO    │ Input query file:
────────┘
/home/zyl22/biosecurity_screener/commec_seq/obfused/cholix_t1.5/cholix_unbound_mutoutside_11.fasta
────────┐
INFO    │  >> STEP 1: Checking for biorisk genes...
INFO    │  Biorisk in cholix_unbound_mutoutside_11:
INFO    │        --> Virulence Factor found at coordinates: 1014-1583, 63-251.
INFO    │ STEP 1 completed at 2026-03-07 01:31:20
INFO    │ SKIPPING STEP 2: Protein search
INFO    │ SKIPPING STEP 3: Nucleotide search
INFO    │  >> STEP 4: Checking any pathogen regions for low-concern components...
INFO    │  Low-concern checks for cholix_unbound_mutoutside_11
INFO    │        ... no housekeeping protein hits.
INFO    │        ... no low-concern RNA hits.
INFO    │        ... no low-concern DNA hits.
INFO    │ STEP 4 completed at 2026-03-07 01:31:21
INFO    │  >> Commec Screen completed at 2026-03-07 01:31:21
────────┘

 >> SUMMARY : 
                    query      overall      biorisk  taxonomy_aa  taxonomy_nt      cleared
cholix_unbound_mutoutside      Warning      Warning         Skip         Skip      Warning

 >> RATIONALE : 
cholix_unbound_mutoutside : Warning      --> Matches sequence with virulence factor.

